<?xml version="1.0" encoding="UTF-8"?>
<!-- Generated by org.testng.reporters.JUnitXMLReporter -->
<testsuite hostname="LAPTOP-JGPCP1JJ" ignored="0" name="Command line test" tests="6" failures="0" timestamp="2021-04-05T00:26:46 IST" time="0.154" errors="0">
  <testcase name="deleteTwitter" time="0.008" classname="qaclickacademy.Mavenjava.APITest"/>
  <testcase name="postJira" time="0.001" classname="qaclickacademy.Mavenjava.APITest"/>
  <testcase name="IOSapp" time="0.001" classname="qaclickacademy.Mavenjava.appiumTest"/>
  <testcase name="nativeApp" time="0.001" classname="qaclickacademy.Mavenjava.appiumTest"/>
  <testcase name="BrowserAutomation" time="0.0" classname="qaclickacademy.Mavenjava.seleniumTest"/>
  <testcase name="elementUI" time="0.001" classname="qaclickacademy.Mavenjava.seleniumTest"/>
</testsuite> <!-- Command line test -->
