<?xml version="1.0" encoding="UTF-8"?>
<!-- Generated by org.testng.reporters.JUnitXMLReporter -->
<testsuite hostname="LAPTOP-JGPCP1JJ" ignored="0" name="Test" tests="4" failures="0" timestamp="2021-04-06T00:19:15 IST" time="0.109" errors="0">
  <testcase name="deleteTwitter" time="0.01" classname="qaclickacademy.Mavenjava.APITest"/>
  <testcase name="postJira" time="0.001" classname="qaclickacademy.Mavenjava.APITest"/>
  <testcase name="BrowserAutomation" time="0.001" classname="qaclickacademy.Mavenjava.seleniumTest"/>
  <testcase name="elementUI" time="0.001" classname="qaclickacademy.Mavenjava.seleniumTest"/>
</testsuite> <!-- Test -->
