<?xml version="1.0" encoding="UTF-8"?>
<testng-results skipped="0" failed="0" ignored="0" total="4" passed="4">
  <reporter-output>
  </reporter-output>
  <suite name="Suite" duration-ms="109" started-at="2021-04-06T00:19:15 IST" finished-at="2021-04-06T00:19:15 IST">
    <groups>
    </groups>
    <test name="Test" duration-ms="109" started-at="2021-04-06T00:19:15 IST" finished-at="2021-04-06T00:19:15 IST">
      <class name="qaclickacademy.Mavenjava.seleniumTest">
        <test-method status="PASS" signature="BrowserAutomation()[pri:0, instance:qaclickacademy.Mavenjava.seleniumTest@3224f60b]" name="BrowserAutomation" duration-ms="1" started-at="2021-04-06T00:19:15 IST" finished-at="2021-04-06T00:19:15 IST">
          <reporter-output>
          </reporter-output>
        </test-method> <!-- BrowserAutomation -->
        <test-method status="PASS" signature="elementUI()[pri:0, instance:qaclickacademy.Mavenjava.seleniumTest@3224f60b]" name="elementUI" duration-ms="1" started-at="2021-04-06T00:19:15 IST" finished-at="2021-04-06T00:19:15 IST">
          <reporter-output>
          </reporter-output>
        </test-method> <!-- elementUI -->
      </class> <!-- qaclickacademy.Mavenjava.seleniumTest -->
      <class name="qaclickacademy.Mavenjava.APITest">
        <test-method status="PASS" signature="deleteTwitter()[pri:0, instance:qaclickacademy.Mavenjava.APITest@6e6c3152]" name="deleteTwitter" duration-ms="10" started-at="2021-04-06T00:19:15 IST" finished-at="2021-04-06T00:19:15 IST">
          <reporter-output>
          </reporter-output>
        </test-method> <!-- deleteTwitter -->
        <test-method status="PASS" signature="postJira()[pri:0, instance:qaclickacademy.Mavenjava.APITest@6e6c3152]" name="postJira" duration-ms="1" started-at="2021-04-06T00:19:15 IST" finished-at="2021-04-06T00:19:15 IST">
          <reporter-output>
          </reporter-output>
        </test-method> <!-- postJira -->
      </class> <!-- qaclickacademy.Mavenjava.APITest -->
    </test> <!-- Test -->
  </suite> <!-- Suite -->
</testng-results>
